<?xml version="1.0" encoding="UTF-8"?>
<!-- Generated by org.testng.reporters.JUnitXMLReporter -->
<testsuite ignored="0" hostname="DESKTOP-RB85FKA" failures="0" tests="7" name="Test" time="0.023" errors="0" timestamp="2021-04-30T20:09:24 IST">
  <testcase classname="qaclickacademy.Mavenjava.abc" name="NativeAppAndroid" time="0.002"/>
  <testcase classname="qaclickacademy.Mavenjava.RESTAPITest" name="deleteTwitter" time="0.0"/>
  <testcase classname="qaclickacademy.Mavenjava.RESTAPITest" name="posJira" time="0.0"/>
  <testcase classname="qaclickacademy.Mavenjava.AppiumTest" name="IOSApps" time="0.0"/>
  <testcase classname="qaclickacademy.Mavenjava.AppiumTest" name="NativeAppAndroid" time="0.001"/>
  <testcase classname="qaclickacademy.Mavenjava.SeleniumTest" name="BrowserAutomation" time="0.0"/>
  <testcase classname="qaclickacademy.Mavenjava.SeleniumTest" name="elementsUI" time="0.0"/>
</testsuite> <!-- Test -->
