<?xml version="1.0" encoding="UTF-8"?>
<testng-results ignored="0" total="7" passed="7" failed="0" skipped="0">
  <reporter-output>
  </reporter-output>
  <suite started-at="2021-04-30T20:09:24 IST" name="Suite" finished-at="2021-04-30T20:09:24 IST" duration-ms="23">
    <groups>
    </groups>
    <test started-at="2021-04-30T20:09:24 IST" name="Test" finished-at="2021-04-30T20:09:24 IST" duration-ms="23">
      <class name="qaclickacademy.Mavenjava.AppiumTest">
        <test-method signature="IOSApps()[pri:0, instance:qaclickacademy.Mavenjava.AppiumTest@4b5a5ed1]" started-at="2021-04-30T20:09:24 IST" name="IOSApps" finished-at="2021-04-30T20:09:24 IST" duration-ms="0" status="PASS">
          <reporter-output>
          </reporter-output>
        </test-method> <!-- IOSApps -->
        <test-method signature="NativeAppAndroid()[pri:0, instance:qaclickacademy.Mavenjava.AppiumTest@4b5a5ed1]" started-at="2021-04-30T20:09:24 IST" name="NativeAppAndroid" finished-at="2021-04-30T20:09:24 IST" duration-ms="1" status="PASS">
          <reporter-output>
          </reporter-output>
        </test-method> <!-- NativeAppAndroid -->
      </class> <!-- qaclickacademy.Mavenjava.AppiumTest -->
      <class name="qaclickacademy.Mavenjava.RESTAPITest">
        <test-method signature="posJira()[pri:0, instance:qaclickacademy.Mavenjava.RESTAPITest@794cb805]" started-at="2021-04-30T20:09:24 IST" name="posJira" finished-at="2021-04-30T20:09:24 IST" duration-ms="0" status="PASS">
          <reporter-output>
          </reporter-output>
        </test-method> <!-- posJira -->
        <test-method signature="deleteTwitter()[pri:0, instance:qaclickacademy.Mavenjava.RESTAPITest@794cb805]" started-at="2021-04-30T20:09:24 IST" name="deleteTwitter" finished-at="2021-04-30T20:09:24 IST" duration-ms="0" status="PASS">
          <reporter-output>
          </reporter-output>
        </test-method> <!-- deleteTwitter -->
      </class> <!-- qaclickacademy.Mavenjava.RESTAPITest -->
      <class name="qaclickacademy.Mavenjava.abc">
        <test-method signature="NativeAppAndroid()[pri:0, instance:qaclickacademy.Mavenjava.abc@12e61fe6]" started-at="2021-04-30T20:09:24 IST" name="NativeAppAndroid" finished-at="2021-04-30T20:09:24 IST" duration-ms="2" status="PASS">
          <reporter-output>
          </reporter-output>
        </test-method> <!-- NativeAppAndroid -->
      </class> <!-- qaclickacademy.Mavenjava.abc -->
      <class name="qaclickacademy.Mavenjava.SeleniumTest">
        <test-method signature="BrowserAutomation()[pri:0, instance:qaclickacademy.Mavenjava.SeleniumTest@59d016c9]" started-at="2021-04-30T20:09:24 IST" name="BrowserAutomation" finished-at="2021-04-30T20:09:24 IST" duration-ms="0" status="PASS">
          <reporter-output>
          </reporter-output>
        </test-method> <!-- BrowserAutomation -->
        <test-method signature="elementsUI()[pri:0, instance:qaclickacademy.Mavenjava.SeleniumTest@59d016c9]" started-at="2021-04-30T20:09:24 IST" name="elementsUI" finished-at="2021-04-30T20:09:24 IST" duration-ms="0" status="PASS">
          <reporter-output>
          </reporter-output>
        </test-method> <!-- elementsUI -->
      </class> <!-- qaclickacademy.Mavenjava.SeleniumTest -->
    </test> <!-- Test -->
  </suite> <!-- Suite -->
</testng-results>
