<?xml version="1.0" encoding="UTF-8"?>
<testng-results ignored="0" total="7" passed="7" failed="0" skipped="0">
  <reporter-output>
  </reporter-output>
  <suite started-at="2021-05-01T18:10:58 IST" name="Default suite" finished-at="2021-05-01T18:10:58 IST" duration-ms="39">
    <groups>
    </groups>
    <test started-at="2021-05-01T18:10:58 IST" name="Default test" finished-at="2021-05-01T18:10:58 IST" duration-ms="39">
      <class name="qaclickacademy.Mavenjava.AppiumTest">
        <test-method signature="IOSApps()[pri:0, instance:qaclickacademy.Mavenjava.AppiumTest@49c7b90e]" started-at="2021-05-01T18:10:58 IST" name="IOSApps" finished-at="2021-05-01T18:10:58 IST" duration-ms="6" status="PASS">
          <reporter-output>
          </reporter-output>
        </test-method> <!-- IOSApps -->
        <test-method signature="NativeAppAndroid()[pri:0, instance:qaclickacademy.Mavenjava.AppiumTest@49c7b90e]" started-at="2021-05-01T18:10:58 IST" name="NativeAppAndroid" finished-at="2021-05-01T18:10:58 IST" duration-ms="1" status="PASS">
          <reporter-output>
          </reporter-output>
        </test-method> <!-- NativeAppAndroid -->
      </class> <!-- qaclickacademy.Mavenjava.AppiumTest -->
      <class name="qaclickacademy.Mavenjava.RESTAPITest">
        <test-method signature="deleteTwitter()[pri:0, instance:qaclickacademy.Mavenjava.RESTAPITest@10d307f1]" started-at="2021-05-01T18:10:58 IST" name="deleteTwitter" finished-at="2021-05-01T18:10:58 IST" duration-ms="1" status="PASS">
          <reporter-output>
          </reporter-output>
        </test-method> <!-- deleteTwitter -->
        <test-method signature="posJira()[pri:0, instance:qaclickacademy.Mavenjava.RESTAPITest@10d307f1]" started-at="2021-05-01T18:10:58 IST" name="posJira" finished-at="2021-05-01T18:10:58 IST" duration-ms="1" status="PASS">
          <reporter-output>
          </reporter-output>
        </test-method> <!-- posJira -->
      </class> <!-- qaclickacademy.Mavenjava.RESTAPITest -->
      <class name="qaclickacademy.Mavenjava.abc">
        <test-method signature="NativeAppAndroid()[pri:0, instance:qaclickacademy.Mavenjava.abc@4d5b6aac]" started-at="2021-05-01T18:10:58 IST" name="NativeAppAndroid" finished-at="2021-05-01T18:10:58 IST" duration-ms="1" status="PASS">
          <reporter-output>
          </reporter-output>
        </test-method> <!-- NativeAppAndroid -->
      </class> <!-- qaclickacademy.Mavenjava.abc -->
      <class name="qaclickacademy.Mavenjava.SeleniumTest">
        <test-method signature="BrowserAutomation()[pri:0, instance:qaclickacademy.Mavenjava.SeleniumTest@3e84448c]" started-at="2021-05-01T18:10:58 IST" name="BrowserAutomation" finished-at="2021-05-01T18:10:58 IST" duration-ms="1" status="PASS">
          <reporter-output>
          </reporter-output>
        </test-method> <!-- BrowserAutomation -->
        <test-method signature="elementsUI()[pri:0, instance:qaclickacademy.Mavenjava.SeleniumTest@3e84448c]" started-at="2021-05-01T18:10:58 IST" name="elementsUI" finished-at="2021-05-01T18:10:58 IST" duration-ms="0" status="PASS">
          <reporter-output>
          </reporter-output>
        </test-method> <!-- elementsUI -->
      </class> <!-- qaclickacademy.Mavenjava.SeleniumTest -->
    </test> <!-- Default test -->
  </suite> <!-- Default suite -->
</testng-results>
